Using pre-set license
Built from '2021.1/staging' branch; Version is '2021.1.3f1 (4bef613afd59) revision 4976481'; Using compiler version '192528614'; Build Type 'Release'
OS: 'Windows 10 Home Single Language; OS build 19044.1586; Version 2009; 64bit' Language: 'tr' Physical Memory: 12203 MB
BatchMode: 1, IsHumanControllingUs: 0, StartBugReporterOnCrash: 0, Is64bit: 1, IsPro: 0

 COMMAND LINE ARGUMENTS:
C:\Program Files\Unity\Hub\Editor\2021.1.3f1\Editor\Unity.exe
-adb2
-batchMode
-noUpm
-name
AssetImportWorker0
-projectPath
C:/Users/user/Desktop/Hyper_Casual/Assets
-logFile
Logs/AssetImportWorker0.log
-srvPort
61993
Successfully changed project path to: C:/Users/user/Desktop/Hyper_Casual/Assets
C:/Users/user/Desktop/Hyper_Casual/Assets
Using Asset Import Pipeline V2.
Refreshing native plugins compatible for Editor in 158.06 ms, found 1 plugins.
Preloading 0 native plugins for Editor in 0.00 ms.
Initialize engine version: 2021.1.3f1 (4bef613afd59)
[Subsystems] Discovering subsystems at path C:/Program Files/Unity/Hub/Editor/2021.1.3f1/Editor/Data/Resources/UnitySubsystems
[Subsystems] Discovering subsystems at path C:/Users/user/Desktop/Hyper_Casual/Assets/Assets
GfxDevice: creating device client; threaded=0; jobified=0
Direct3D:
    Version:  Direct3D 11.0 [level 11.0]
    Renderer: NVIDIA GeForce 820M (ID=0x1140)
    Vendor:   NVIDIA
    VRAM:     2000 MB
    Driver:   23.21.13.8912
Initialize mono
Mono path[0] = 'C:/Program Files/Unity/Hub/Editor/2021.1.3f1/Editor/Data/Managed'
Mono path[1] = 'C:/Program Files/Unity/Hub/Editor/2021.1.3f1/Editor/Data/MonoBleedingEdge/lib/mono/unityjit'
Mono config path = 'C:/Program Files/Unity/Hub/Editor/2021.1.3f1/Editor/Data/MonoBleedingEdge/etc'
Using monoOptions --debugger-agent=transport=dt_socket,embedding=1,server=y,suspend=n,address=127.0.0.1:56468
Begin MonoManager ReloadAssembly
Registering precompiled unity dll's ...
Register platform support module: C:/Program Files/Unity/Hub/Editor/2021.1.3f1/Editor/Data/PlaybackEngines/WebGLSupport/UnityEditor.WebGL.Extensions.dll
Register platform support module: C:/Program Files/Unity/Hub/Editor/2021.1.3f1/Editor/Data/PlaybackEngines/WindowsStandaloneSupport/UnityEditor.WindowsStandalone.Extensions.dll
Registered in 0.004116 seconds.
Native extension for WindowsStandalone target not found
Native extension for WebGL target not found
Refreshing native plugins compatible for Editor in 311.50 ms, found 1 plugins.
Preloading 0 native plugins for Editor in 0.00 ms.
Mono: successfully reloaded assembly
- Completed reload, in  7.275 seconds
Platform modules already initialized, skipping
Registering precompiled user dll's ...
Registered in 0.012288 seconds.
Begin MonoManager ReloadAssembly
Native extension for WindowsStandalone target not found
Native extension for WebGL target not found
Refreshing native plugins compatible for Editor in 0.76 ms, found 1 plugins.
Preloading 0 native plugins for Editor in 0.00 ms.
Mono: successfully reloaded assembly
- Completed reload, in  2.776 seconds
Platform modules already initialized, skipping
========================================================================
Worker process is ready to serve import requests
Launched and connected shader compiler UnityShaderCompiler.exe after 0.09 seconds
Refreshing native plugins compatible for Editor in 1.05 ms, found 1 plugins.
Preloading 0 native plugins for Editor in 0.00 ms.
Unloading 2665 Unused Serialized files (Serialized files now loaded: 0)
System memory in use before: 98.0 MB.
System memory in use after: 98.2 MB.

Unloading 14 unused Assets to reduce memory usage. Loaded Objects now: 3118.
Total: 5.053700 ms (FindLiveObjects: 0.392200 ms CreateObjectMapping: 0.300400 ms MarkObjects: 4.220800 ms  DeleteObjects: 0.137900 ms)

========================================================================
Received Import Request.
  path: Assets/Cannon/CannonNew.fbx
  artifactKey: Guid(b12aaae74fa7f8445bae3854b38d062c) Importer(815301076,1909f56bfc062723c751e8b465ee728b)
Start importing Assets/Cannon/CannonNew.fbx using Guid(b12aaae74fa7f8445bae3854b38d062c) Importer(815301076,1909f56bfc062723c751e8b465ee728b)  -> (artifact id: '03559850b57069032532358c14dff5c5') in 0.490592 seconds 
========================================================================
Received Import Request.
  Time since last request: 0.000389 seconds.
  path: Assets/Cannon/Cannon_V2.fbx
  artifactKey: Guid(1ef3524f6901d8f4cb9e0a53fb7f69b4) Importer(815301076,1909f56bfc062723c751e8b465ee728b)
Start importing Assets/Cannon/Cannon_V2.fbx using Guid(1ef3524f6901d8f4cb9e0a53fb7f69b4) Importer(815301076,1909f56bfc062723c751e8b465ee728b)  -> (artifact id: '3bbb14020322b304388aa3d9edd43e1d') in 0.079525 seconds 
========================================================================
Received Import Request.
  Time since last request: 0.000392 seconds.
  path: Assets/SampleScene.unity
  artifactKey: Guid(d425cbc517fe63d46a75439e942c9be8) Importer(815301076,1909f56bfc062723c751e8b465ee728b)
Start importing Assets/SampleScene.unity using Guid(d425cbc517fe63d46a75439e942c9be8) Importer(815301076,1909f56bfc062723c751e8b465ee728b)  -> (artifact id: '64a128ef92b3dec280750f14503df6c5') in 0.015038 seconds 
AssetImportWorkerClient::OnTransportError - code=2 error=End of file
